https://www.thai-novel.com/wp-login.php#bankiezero@jakkrit315
https://lbr.humblenorth.de/lbr/wp2/wp-login.php#UNKNOWN@BigBrain123123432
http://www.mentananostra.it/svil/wp-login.php#Giuseppe@Ermagnifico_86
https://listeruption.com/wp-login.php#manitasnegras@m39323932
https://tool.artikelmagic.xyz/wp-login.php#Bioprofit@@Djapunk1980
https://www.booking-wp-plugin.com/demo/1/wp-login.php#demo@demo
https://ggg.97lztd555.com/wp-login.php#abc177114@abc177114
https://ggg.97lztd555.com/wp-login.php#wpk1314521@wpk1314521
https://member.share.university/wp-login.php#Muhaiminul_Islam@078466
https://jaybabani.com/legacy-wp-admin/wp-login.php#Demo@demo
https://demo.wpwebelite.com/social-auto-poster/wp-login.php#demo@demo123
https://pavothemes.com/wp-login.php#sooperelmoh@Bj3lias051890!
https://capsulera.com/wp-login.php#Ahmed.elfaramawy@0125777328200099200099
https://ggg.97lztd555.com/wp-login.php#qwertyuiop0000@qwertyuiop0000
https://hi10anime.com/wp-login.php#hscool@hs1451997HS
https://www.beautyacademy.org/wp-login.php#aldoraneely@aldoran963
https://ggg.97lztd555.com/wp-login.php#sun20040916@sun20040916
https://infomaniakos.net/wp-login.php#caldera@caldera2019
https://ambercurtis.freshappreviews.com:443/wp-login.php#ambercurtis@ringo269
https://demo.wpwebelite.com/woocommerce-social-login/wp-login.php#demo@demo123
https://www.thai-novel.com/wp-login.php#robotfight@b-428506
https://ketofineaf.com/wp-login.php#webmanager@2021KetoFine
https://josephbarrett.freshappreviews.com:443/wp-login.php#josephbarrett@all4one309
https://sdgs.rmutsv.ac.th/wp-login.php#thaksin.j@1909800775307
https://demo.learndash.com/wp-login.php#dominikstrucelj@domtv42
https://jaybabani.com/legacy-wp-admin/wp-login.php#demo@demo
https://jaybabani.com/ultra-wp-admin/wp-login.php#demo@demo
https://ggg.97lztd555.com/wp-login.php#2442311543@2442311543
https://members.talkingbass.net/wp-login.php#vytman@a252414694
https://multivendordemo.com/mvx/wp-login.php#mvx_admin@mvx_admin
https://ggg.97lztd555.com/wp-login.php#2580123.@2580123.
https://demo.thulasidas.com/wp-login.php#demo@demo
https://sandbox.wpdatatables.com/wp-login.php#demo@demo
http://datavisus.seade.gov.br/home/wp-login.php#laripimentap@yKMicRGcFhnH
https://infomaniakos.net/wp-login.php#LuisSD80@Lsd@202800
https://www.423down.com/wp-login.php#AutumnH1ll@xhq52hyj
https://ggg.97lztd555.com/wp-login.php#aa948037@aa948037
https://dt10.premiummod.com/wp-login.php#admindemo@admindemo
https://main.jingames.net/wp-login.php#Luck7312@luck123karlos
http://www.allitaliano.it/wp-login.php#Abdulbasit@FNYJ9xkwMtjg
https://ggg.97lztd555.com/wp-login.php#yyyy1234@yyyy1234
https://ggg.97lztd555.com/wp-login.php#wsjc123@wsjc123
https://ggg.97lztd555.com/wp-login.php#zjy2663832272@zjy2663832272
https://mypcbundle.com/pve2019/wp-login.php#pvebxnnnrstf@3GVXV2PP
https://member.share.university/wp-login.php#Md.Daiyan@ShAREDoWellDoGood2021
https://www.aielanat.com/wp-login.php#aboahmad20162016@11223344
https://hi10anime.com/wp-login.php#hiroshi98i@Hiroshi_2013
https://ggg.97lztd555.com/wp-login.php#goodluck@zty535760
https://sfatulparintilor.ro/wp-login.php#alirin99@alexut2010
https://uplisting.boostlywebsite.com/wp-login.php#abdul@TheAPIguy!
https://www.impariamoinsieme.com/wp-login.php#jianni@OnFYmeI$6yK28nuR
https://hi10anime.com/wp-login.php#abasrz666@Parsi777
https://ggg.97lztd555.com/wp-login.php#caoxinhu@caoxinhu
https://infomaniakos.net/wp-login.php#GaboBcLpz@mil8mil8
https://www.restedxp.com/wp-login.php#bomba@etpG5x@zE6s5Q5N
https://barbrothers.com/wp-login.php#NUNOSILVA@MG3VT
http://offeractivate.com/mystical/wp-login.php#axuahg6t5r7b@7VVKB5CS
https://www.tudodecaotransforma.com.br/wp-login.php#CamilaPS@Camila0210
https://www.serlinglobal.com/wp-login.php#admin@PaperCrane2022!*
https://main.jingames.net/wp-login.php#Leoxman2000@thetidusffx
https://hi10anime.com/wp-login.php#stphn123@stgonzaga123.1
https://infomaniakos.net/wp-login.php#spaymusic@informatica1973
https://www.simeanniversary.it/wp-login.php#wp_10314250@Telecono1988
https://www.marijuanajobscannabiscareers.com/wp-login.php#Stengel502@Tilly2023!
https://www.tudodecaotransforma.com.br/wp-login.php#silviogomesjr@nu11666
https://www.gevofad.it/wp-login.php#irene@nbz*F^2JT5rnJBFs
https://demo.idnovate.com/wp/wp-login.php#demo@demodemo
https://www.kusenidlaminifoundation.org/newsite/wp-login.php#profy@Proftechy$1981
https://wp-demo.jreviews.com/wp-login.php#demo@demo
https://wpmaster.demo.civicrm.org/wp-login.php#demo@demo
https://hi10anime.com/wp-login.php#hyourinnmaru@rockmane
https://assembliesofyahweh.com/wp-login.php#Ushi@shalomshalom5
https://www.interciel-architecture.fr/wp-login.php#SarahCom38@Grenouille38130!
https://pj10.premiummod.com/wp-login.php#demo@demo
https://hi10anime.com/wp-login.php#babbe1997@kudake-1997
https://hi10anime.com/wp-login.php#sandro322@Gamingmause322
https://www.union.fr/wp-login.php#speederator@mat2096!myL
https://jasias.jp/doc/wp-login.php#ikeda.mitsue@ikeda.mitsue.0553
https://ggg.97lztd555.com/wp-login.php#qwe123123@qwe123123
https://ggg.97lztd555.com/wp-login.php#wer321@wer321
https://hi10anime.com/wp-login.php#bobbyjoebob@Carlosbob1092
https://amandacaldeira.freshappreviews.com:443/wp-login.php#amandacaldeira@robotech485
https://www.bpv-boekje.nl/wp-login.php#bpv-student@aventus-bpv-student
https://discabos.com.br/wp-login.php#janaina_tea@19981101
http://offeractivate.com/picmonkey/wp-login.php#PKMC7D29JXWX@N48G2XNH
https://shvilim.co.il/wp-login.php#rafip@0525872197
https://clen.klubandyhowinsona.sk/wp-login.php#kamila.pekarovicova@a7Vig&dG2IXi
https://wordpress-589571-2183703.cloudwaysapps.com/wp-login.php#abdul@TheAPIguy!
https://www.drblack-system.com/wp-login.php#20040107@mhskp0916
https://ggg.97lztd555.com/wp-login.php#c5980821@c5980821
https://bookmarksclub.com/wp-login.php#sakib44@h5Yyw4ppY*&orOnt
https://www.heromachine.com/wp-login.php#sabzmoshaver1988@sabzmoshaver1988
https://videofort.com/wp-login.php#bikkey@bikapple
https://ggg.97lztd555.com/wp-login.php#wch201029@wch201029
http://semprecomvoce.com.br/wp-login.php#79295@65972740249
https://hi10anime.com/wp-login.php#Goblock69@Haziq420
https://ntokozowallace.freshappreviews.com:443/wp-login.php#ntokozowallace@carlos918
https://ggg.97lztd555.com/wp-login.php#293002@293002
http://tucra.net/wp-login.php#arunner1971@arunner71
https://myresearchbase.com/wp-login.php#mokhtarhariri72@mokhtar1972
http://offeractivate.com/corelx7/wp-login.php#CPSCKJ56BFVF@RG7HXVYJ
http://r93757q0.beget.tech/wp-login.php#ilkhan@ilkhanzigly786
https://salasnaranja.com/wp-login.php#cheistian@Cd1014187071
https://ava.faculdadefutura.com.br/wp-login.php#43311344820@43311
https://ggg.97lztd555.com/wp-login.php#303820@303820
https://www.thai-novel.com/wp-login.php#Okamiroom@MXY1sve(float)
https://www.edisco.it/wp-login.php#mohiyo@NrNjOJtG0l
https://dev.senior.com.br:443/wp-login.php#fernando.henrique@BdFJi03aftw2RCmuQJYHlvkm
https://ggg.97lztd555.com/wp-login.php#zxc128523@zxc128523
https://www.docbniparisrivedroite.fr/wp-login.php#Cpilotage@PhiLoSOphiE
https://szifon.com/wp-login.php#zoltanhorvath1@N1Fd5gEEQwBX
https://hi10anime.com/wp-login.php#auorine@Hi10anime(0D3
https://spiralvortexplay.com/svp/wp-login.php#HikkiKun@JRn2SDQ96jNrfRsQ
https://mobilidade-aulp.org/wp-login.php#ISMAI@PktBkpQBhtTxuQqNI3lSIn9A
https://www.thai-novel.com/wp-login.php#uun@uun2540
https://ichinendojo.com.ar/wp-login.php#ichinen@ZUzida53la
https://baccanoedizioni.com/new/wp-login.php#settimiocorzani@SettimioSole2000
https://www.thai-novel.com/wp-login.php#reivewy@9da27c0a
https://highlevelmentorhub.com/campus/wp-login.php#danitra3009@Danish30
https://www.thai-novel.com/wp-login.php#Bankx@wipoosit9102544
http://www.oldauntie.org/wp-login.php#kunal@n1v(qHX1Kwwn)*K^
https://www.brokeringnotes.com/wp-login.php#cffundinginvest@cashflow
https://hi10anime.com/wp-login.php#lstkom78@Pomuimadmad123
https://hi10anime.com/wp-login.php#OtakuPh@bestfriendx96
http://offeractivate.com/paperport/wp-login.php#PPCK668Z6CVLC@QZ3Q69QN2F
https://tintafresca.com.ar/wp-login.php#ines@bettyb10
https://folders-demo.premio.io/wp-login.php#Premio@ilovepremio
https://infomaniakos.net/wp-login.php#yilop@123456789YIlop
https://hi10anime.com/wp-login.php#denzonator@Triggi33
https://bball1.hu/wp-login.php#rantotta@Csill@g1224
https://www.lce.care/wp-login.php#admin@Graziella1965
https://wordpress-624807-2799624.cloudwaysapps.com/wp-login.php#abdul@TheAPIguy!
https://ggg.97lztd555.com/wp-login.php#shifeisb111@shifeisb111
https://eazyflicks.com/App/wp-login.php#UNIKI@u&i@4REAL
https://ggg.97lztd555.com/wp-login.php#fv4005@fv4005
http://matrproject.com/academy/wp-login.php#mblayer@uln2803
https://da10.premiummod.com/wp-login.php#demo@demo
https://www.hipole.com/wp-login.php#frank__16@000000
https://multiproget.it/wp-login.php#guest01@guest-2017
https://ggg.97lztd555.com/wp-login.php#smx20050215@smx20050215
https://myresearchbase.com/wp-login.php#rostoming@bWkj$OzR1bFy10q4)&E9S*LF
https://demo.sabaidiscuss.com/wp-login.php#demo@demo
https://www.apicv.net/wp-login.php#prf01przgrc@02prfprzgrc
https://freelanceengine.enginethemes.com/wp-login.php#admindemo@admindemo
https://xn--btfrerprven-x8a3wf.no/wp-login.php#sandermedbo@Sander300421
http://stage.wellnessalbania.al/wp-login.php#wolf@6QfYw6_b6pyGlydt
https://judgeacademy.com/wp-login.php#Zack94@Chistemaparsche94
https://www.lanuovaproceduracivile.com/wp-login.php#ADM0624@6629
https://alidropship.new2new.com/wp-login.php#demo@demo
https://www.onlinebeatbattles.com/wp-login.php#artigence@Aa123456789
https://www.423down.com/wp-login.php#huangchendz@19851228
https://www.thai-novel.com/wp-login.php#noomleam@ati1945a
https://kmim.toat.co.th/kmim/wp-login.php#002630@0840049345
https://phanmorgan.freshappreviews.com:443/wp-login.php#phanmorgan@porno913
http://www.saizei.or.jp/wp/wp-login.php#member@skenren3111.
https://ezzakidoest.freshappreviews.com:443/wp-login.php#ezzakidoest@hamlet315
https://www.biteyourconsole.net/wp-login.php#aliammar76@sabaamar
https://demo.peepso.com/wp-login.php#william@william
https://eazyflicks.com/App/wp-login.php#abdelilahe@m$eaz6pVibhJIlY7
https://wordpress-638002-2194961.cloudwaysapps.com/wp-login.php#abdul@TheAPIguy!
https://www.dizigom1.tv/wp-login.php#rhodes9335@363899737b
https://sarkarileader.com/wp-login.php#anilkirar@9098254517
https://demo.awesomesupport.com/wp-login.php#asadmin@asadmin01
https://fetalechocardiography.info/wp-login.php#BRK17@BRK17
https://www.thai-novel.com/wp-login.php#ppp2506@026356653na
https://jaybabani.com/star-wp-admin/wp-login.php#demo@demo
https://rodelherrero.freshappreviews.com:443/wp-login.php#rodelherrero@brennan564
https://elearning.kkb-do.de/wp-login.php#BFS11@BFS11
http://www.thinmoo.com/wp-login.php#bbtech@info00
https://ggg.97lztd555.com/wp-login.php#buzhidao@buzhidao
https://questionsdecampagne.fr/wp-login.php#candidat@B5A5A9
https://danielbastiansen.freshappreviews.com:443/wp-login.php#danielbastiansen@abgrtyu102
https://infomaniakos.net/wp-login.php#cristiandelgado1@2995299393@
http://www.abitagiovani.net/wp-login.php#flesciato83@strike1983
https://gwarminska.pl/wp-login.php#khbraalryad@Wo7yS(r51)rTVPN(
https://dev-danisamart.pantheonsite.io/wp-login.php#Danisamart@1324576890Pantheon@
https://bioneerslive.org/wp-login.php#noirldn1@4Vsqak5itPVfv2BD6cQlChbP
https://ggg.97lztd555.com/wp-login.php#longyu159@longyu159
https://nostalgik-tv.com/wp-login.php#fatehaseman@63206320
https://store.mzplays.com/wp-login.php#d736230361@d13145200
http://www.pcleden.nl/wp-login.php#661672@661672
https://demo.weblizar.com/school-management-admin/wp-login.php#Userdemo@userdemo
http://salvolarosa.it/wp-login.php#salvolarosa@salvo@larosa123
https://ggg.97lztd555.com/wp-login.php#1453252611@1453252611
https://app.walky.com.co/wp-login.php#G969@o7gz
https://szifon.com/wp-login.php#housejoy@AdL3GwoQCilU
https://app.walky.com.co/wp-login.php#p127@gsrd
http://www.codimuc.com.br/cd3/wp-login.php#01827001275@michelly06
https://formcraft-wp.com/demo/wp-login.php#demo@demo
https://afrikafahamu.com/wp-login.php#Leonie@29a0g!gPw99I*P7oHq
https://ssradio.com/wp-login.php#pavboz@benteler
https://demo.peepso.com/wp-login.php#demo@demo
https://extranet.lesentrep.fr/wp-login.php#Djamalkhanelmurzaev@Borzik_95
https://www.raqmedia.com/wp-login.php#kizu@cL#iB)T4LRNri$T5
https://gwarminska.pl/wp-login.php#haninmamlaka@L6OtDNcm2YM6vbdA
http://www.dilloadmax.it/web/wp-login.php#WadaKatsu@bijtheboss
https://bfifab.org.uk/wp-login.php#ilham.a@RVApZRDng9M&
http://iplusstd.com/item/eventBookingPro/admin/wp-login.php#demo@demo
https://www.virtualassistantjobs.com/wengine/wp-login.php#Nathan06@Nwanne06
http://kosmetologwilk.pl/wp-login.php#admin@obwarzanek123
https://www.trinitywhitebridge.co.uk/wp/wp-login.php#3SpRAnd5@R01i6STU
https://app.walky.com.co/wp-login.php#i845@o7gz
https://enf-cmnf.com/wp-login.php#Lakid@445080
https://ava.graduacao.faveni.edu.br/wp-login.php#13538220794@13538
https://astoundify.com/wp-login.php#Finder2016@Lekkerding2016
https://learnsite.icacoach.com/wp-login.php#IreneM@bibikos3
https://wpfiverr.boxthemes.net/wp-login.php#admindemo@admindemo
https://cursoultrassomveterinario.com.br/diagvet/wp-login.php#FILIPECASSONE@MIbep266E$4ARZX^
https://www.iphoneassistroma.com/wp-login.php#cdescaLzo@hS4XIeaCn5Q8
https://mobilidade-aulp.org/wp-login.php#alice__barros@qmNAU7o^lHkK0QU2
https://ggg.97lztd555.com/wp-login.php#652537@652537
https://www.ttloli.com/wp-login.php#timegsgda@154820
https://hi10anime.com/wp-login.php#luthaich@EZ0V8iyo5Fsj
https://www.thai-novel.com/wp-login.php#DaijiATao@BHtq86TJRjFxc5dD
https://www.tekyazonline.com/wp-login.php#mchityslyrt@d.kavak1998
https://botanica.gallery/wp/wp-login.php#kolevamariana@987654321
https://gwarminska.pl/wp-login.php#zahabyaal@MxxhDIg7OgpULb6K
https://ggg.97lztd555.com/wp-login.php#200210@200210
https://ggg.97lztd555.com/wp-login.php#giaosi@giaosi
https://infomaniakos.net/wp-login.php#hellrider@judaspriest
https://demo.learndash.com/wp-login.php#milkeessaa@Fadall12
https://main.jingames.net/wp-login.php#LeHero_@lehero35794565
https://en.er.gy/try/plus/wp-login.php#demo@demo
https://demos.welaunch.io/wordpress-helpdesk/wp-login.php#reporter@reporter
https://ggg.97lztd555.com/wp-login.php#2560854422@2560854422
https://www.magicform3.com/demo/wp-login.php#demo@demo
https://infomaniakos.net/wp-login.php#hbmon@hansito18
https://elearning.kkb-do.de/wp-login.php#BFS20@BFS20
https://www.heromachine.com/wp-login.php#alattar@p8gRKYWYDRPMFZG^
https://anime-dl.us/wp-login.php#v.jalili@Vahidmax77
https://courses.frontofficerocks.com/wp-login.php#codes@Smile12345!
https://www.gevofad.it/wp-login.php#Irene@nbz*F^2JT5rnJBFs
https://ggg.97lztd555.com/wp-login.php#3040376100@3040376100
https://hi10anime.com/wp-login.php#kcrkat@yHcQlPGOgDZK4MWo
https://ava.estudarcombolsa.universaeducacional.com.br/wp-login.php#livia@livia
https://mypcbundle.com/ess2018/wp-login.php#essbyxs3g3t6@HHKN5F1K
https://ggg.97lztd555.com/wp-login.php#271941258@271941258
http://fh7953je.bget.ru/wp-login.php#Horst666@Horst666
http://www.dilloadmax.it/web/wp-login.php#tiapetro@spiffero
https://main.jingames.net/wp-login.php#raphael_11@1395671
https://www.himotoracing.it/sito/wp-login.php#tomas79@bettega83
http://www.free-web-submission.co.uk/blog/wp-login.php#totalbeauty4you@BWPhudIJEYM4
https://jamesatan.freshappreviews.com:443/wp-login.php#jamesatan@kelsey917
https://anime4up.cam/wp-login.php#FiddlerFinally@abdlluah33
https://demo.wpautorobot.com/wp-login.php#demo@demo
https://demos.welaunch.io/woocommerce-wishlist/wp-login.php#demo@demo
https://www.thai-novel.com/wp-login.php#chakaro@D0924997987d
https://www.beautyacademy.org/wp-login.php#imanharrouk@harroukim756
https://anxhelasteward.freshappreviews.com:443/wp-login.php#anxhelasteward@teaser913
https://www.thai-novel.com/wp-login.php#maeadabig@kancolle1
https://gwarminska.pl/wp-login.php#khaber@yq40AhVNFNqA5VfM
https://www.hipotecaria.cl/wp-login.php#17287156-9@somoschilekesaen
https://www.50coolblueslicks.com/wp-login.php#phiet.vu@9930!Knight
http://taegi.me/wp-login.php#akdlrha@dnflwlq1089!
https://docs.etilize.com/wp-login.php#sampledelta@sampledeltafiles
https://www.colchones.es/informacion/wp-login.php#juani@123guillermON
https://itdoma.online/wp-login.php#Turlybek14@Turlybek14
https://elearning.kkb-do.de/wp-login.php#BFS21@BFS21
http://www.konsoldunyasi.com/wp-login.php#WhiteClaudiaMk@556655xxx
https://main.jingames.net/wp-login.php#Mangobulous123@dUWJ2HTcmsRG
https://demo.devdiggers.com/multipos-point-of-sale-for-woocommerce/wp-login.php#demo@demo
https://numidesignhouse.com/wp-login.php#numi_editor@NuMiDSGNhouse123
https://ggg.97lztd555.com/wp-login.php#Guodaxia123@Guodaxia123
https://test.wszia.opole.pl/wp-login.php#xz37881@95050405790
https://app.walky.com.co/wp-login.php#p145@8b4e
https://demo.storeapps.org/wp-login.php#demo@demo
https://hi10anime.com/wp-login.php#luffyverma@HulkBuster1
https://academia.bombonscake.com/wp-login.php#Glendymar.Hermoso@Jorgehermoso1211.
http://demo.algolplus.com/wp-login.php#demo@demo
https://www.nba-live.com/wp-login.php#dir129@wlsdnjs12
https://booknetic.crearelatuapp.it/wp-login.php#lorenzo@nAY2oYbfeS0jM&Cr4iV7*0mR
https://infomaniakos.net/wp-login.php#rubiloki@123456789
http://www.klynt.net/wp-login.php#marras65@MaxKlynt65
https://guitarlessons365.com/wp-login.php#ClydeLikens@seahawk8719
https://ai-image-pro.codeisawesome.com/wp-login.php#demo@demo
http://www.psxrenzukoken.com/nk2/wp-login.php#salentiny60@cedric1385
https://www.tekyazonline.com/wp-login.php#hibrahim.kara98@Hik.1006
https://support.themecatcher.net/wp-login.php#damtii@rockdesign123!@#
